<?xml version="1.0" encoding="UTF-8"?>
<testng-results ignored="2" total="9" passed="7" failed="0" skipped="0">
  <reporter-output>
  </reporter-output>
  <suite started-at="2020-12-01T16:04:17Z" name="Default Suite" finished-at="2020-12-01T16:04:17Z" duration-ms="308">
    <groups>
    </groups>
    <test started-at="2020-12-01T16:04:17Z" name="JavafxProject" finished-at="2020-12-01T16:04:17Z" duration-ms="308">
      <class name="persistence.StaffDAOTest">
        <test-method is-config="true" signature="beforeTest()[pri:0, instance:persistence.StaffDAOTest@17211155]" started-at="2020-12-01T16:04:17Z" name="beforeTest" finished-at="2020-12-01T16:04:17Z" duration-ms="10" status="PASS">
          <reporter-output>
          </reporter-output>
        </test-method> <!-- beforeTest -->
        <test-method is-config="true" signature="setUp()[pri:0, instance:persistence.StaffDAOTest@17211155]" started-at="2020-12-01T16:04:17Z" name="setUp" finished-at="2020-12-01T16:04:17Z" duration-ms="1" status="PASS">
          <reporter-output>
          </reporter-output>
        </test-method> <!-- setUp -->
        <test-method signature="testAddUser()[pri:0, instance:persistence.StaffDAOTest@17211155]" started-at="2020-12-01T16:04:17Z" name="testAddUser" finished-at="2020-12-01T16:04:17Z" duration-ms="0" status="PASS">
          <reporter-output>
          </reporter-output>
        </test-method> <!-- testAddUser -->
        <test-method is-config="true" signature="tearDown()[pri:0, instance:persistence.StaffDAOTest@17211155]" started-at="2020-12-01T16:04:17Z" name="tearDown" finished-at="2020-12-01T16:04:17Z" duration-ms="0" status="PASS">
          <reporter-output>
          </reporter-output>
        </test-method> <!-- tearDown -->
        <test-method is-config="true" signature="tearDown()[pri:0, instance:persistence.StaffDAOTest@17211155]" started-at="2020-12-01T16:04:17Z" name="tearDown" finished-at="2020-12-01T16:04:17Z" duration-ms="0" status="PASS">
          <reporter-output>
          </reporter-output>
        </test-method> <!-- tearDown -->
        <test-method signature="testDeleteUser()[pri:0, instance:persistence.StaffDAOTest@17211155]" started-at="2020-12-01T16:04:17Z" name="testDeleteUser" finished-at="2020-12-01T16:04:17Z" duration-ms="0" status="PASS">
          <reporter-output>
          </reporter-output>
        </test-method> <!-- testDeleteUser -->
        <test-method is-config="true" signature="setUp()[pri:0, instance:persistence.StaffDAOTest@17211155]" started-at="2020-12-01T16:04:17Z" name="setUp" finished-at="2020-12-01T16:04:17Z" duration-ms="0" status="PASS">
          <reporter-output>
          </reporter-output>
        </test-method> <!-- setUp -->
        <test-method is-config="true" signature="setUp()[pri:0, instance:persistence.StaffDAOTest@17211155]" started-at="2020-12-01T16:04:17Z" name="setUp" finished-at="2020-12-01T16:04:17Z" duration-ms="0" status="PASS">
          <reporter-output>
          </reporter-output>
        </test-method> <!-- setUp -->
        <test-method is-config="true" signature="setUp()[pri:0, instance:persistence.StaffDAOTest@17211155]" started-at="2020-12-01T16:04:17Z" name="setUp" finished-at="2020-12-01T16:04:17Z" duration-ms="1" status="PASS">
          <reporter-output>
          </reporter-output>
        </test-method> <!-- setUp -->
        <test-method is-config="true" signature="tearDown()[pri:0, instance:persistence.StaffDAOTest@17211155]" started-at="2020-12-01T16:04:17Z" name="tearDown" finished-at="2020-12-01T16:04:17Z" duration-ms="0" status="PASS">
          <reporter-output>
          </reporter-output>
        </test-method> <!-- tearDown -->
        <test-method signature="testGetAllStaff()[pri:0, instance:persistence.StaffDAOTest@17211155]" started-at="2020-12-01T16:04:17Z" name="testGetAllStaff" finished-at="2020-12-01T16:04:17Z" duration-ms="0" status="PASS">
          <reporter-output>
          </reporter-output>
        </test-method> <!-- testGetAllStaff -->
        <test-method signature="testUpdateLockedData()[pri:0, instance:persistence.StaffDAOTest@17211155]" started-at="2020-12-01T16:04:17Z" name="testUpdateLockedData" finished-at="2020-12-01T16:04:17Z" duration-ms="0" status="PASS">
          <reporter-output>
          </reporter-output>
        </test-method> <!-- testUpdateLockedData -->
        <test-method is-config="true" signature="tearDown()[pri:0, instance:persistence.StaffDAOTest@17211155]" started-at="2020-12-01T16:04:17Z" name="tearDown" finished-at="2020-12-01T16:04:17Z" duration-ms="0" status="PASS">
          <reporter-output>
          </reporter-output>
        </test-method> <!-- tearDown -->
        <test-method is-config="true" signature="setUp()[pri:0, instance:persistence.StaffDAOTest@17211155]" started-at="2020-12-01T16:04:17Z" name="setUp" finished-at="2020-12-01T16:04:17Z" duration-ms="0" status="PASS">
          <reporter-output>
          </reporter-output>
        </test-method> <!-- setUp -->
        <test-method signature="testValidateUserTrue()[pri:1, instance:persistence.StaffDAOTest@17211155]" started-at="2020-12-01T16:04:17Z" name="testValidateUserTrue" finished-at="2020-12-01T16:04:17Z" duration-ms="270" status="PASS">
          <reporter-output>
          </reporter-output>
        </test-method> <!-- testValidateUserTrue -->
        <test-method is-config="true" signature="tearDown()[pri:0, instance:persistence.StaffDAOTest@17211155]" started-at="2020-12-01T16:04:17Z" name="tearDown" finished-at="2020-12-01T16:04:17Z" duration-ms="1" status="PASS">
          <reporter-output>
          </reporter-output>
        </test-method> <!-- tearDown -->
        <test-method signature="testValidateUser()[pri:2, instance:persistence.StaffDAOTest@17211155]" started-at="2020-12-01T16:04:17Z" name="testValidateUser" finished-at="2020-12-01T16:04:17Z" duration-ms="5" status="PASS">
          <reporter-output>
          </reporter-output>
        </test-method> <!-- testValidateUser -->
        <test-method is-config="true" signature="setUp()[pri:0, instance:persistence.StaffDAOTest@17211155]" started-at="2020-12-01T16:04:17Z" name="setUp" finished-at="2020-12-01T16:04:17Z" duration-ms="0" status="PASS">
          <reporter-output>
          </reporter-output>
        </test-method> <!-- setUp -->
        <test-method signature="testValidateUserfalse()[pri:3, instance:persistence.StaffDAOTest@17211155]" started-at="2020-12-01T16:04:17Z" name="testValidateUserfalse" finished-at="2020-12-01T16:04:17Z" duration-ms="4" status="PASS">
          <reporter-output>
          </reporter-output>
        </test-method> <!-- testValidateUserfalse -->
        <test-method is-config="true" signature="tearDown()[pri:0, instance:persistence.StaffDAOTest@17211155]" started-at="2020-12-01T16:04:17Z" name="tearDown" finished-at="2020-12-01T16:04:17Z" duration-ms="0" status="PASS">
          <reporter-output>
          </reporter-output>
        </test-method> <!-- tearDown -->
        <test-method is-config="true" signature="setUp()[pri:0, instance:persistence.StaffDAOTest@17211155]" started-at="2020-12-01T16:04:17Z" name="setUp" finished-at="2020-12-01T16:04:17Z" duration-ms="0" status="PASS">
          <reporter-output>
          </reporter-output>
        </test-method> <!-- setUp -->
        <test-method is-config="true" signature="tearDown()[pri:0, instance:persistence.StaffDAOTest@17211155]" started-at="2020-12-01T16:04:17Z" name="tearDown" finished-at="2020-12-01T16:04:17Z" duration-ms="0" status="PASS">
          <reporter-output>
          </reporter-output>
        </test-method> <!-- tearDown -->
        <test-method is-config="true" signature="afterTest()[pri:0, instance:persistence.StaffDAOTest@17211155]" started-at="2020-12-01T16:04:17Z" name="afterTest" finished-at="2020-12-01T16:04:17Z" duration-ms="1" status="PASS">
          <reporter-output>
          </reporter-output>
        </test-method> <!-- afterTest -->
      </class> <!-- persistence.StaffDAOTest -->
    </test> <!-- JavafxProject -->
  </suite> <!-- Default Suite -->
</testng-results>
